Copyright 1986-2020 Xilinx, Inc. All Rights Reserved.
--------------------------------------------------------------------------------------------------------------------------------------------------------------------------------
| Tool Version : Vivado v.2020.1 (win64) Build 2902540 Wed May 27 19:54:49 MDT 2020
| Date         : Wed Mar 20 16:10:29 2024
| Host         : CDF-J5WCG42 running 64-bit major release  (build 9200)
| Command      : report_methodology -file system_wrapper_methodology_drc_routed.rpt -pb system_wrapper_methodology_drc_routed.pb -rpx system_wrapper_methodology_drc_routed.rpx
| Design       : system_wrapper
| Device       : xc7z010clg400-1
| Speed File   : -1
| Design State : Fully Routed
--------------------------------------------------------------------------------------------------------------------------------------------------------------------------------

Report Methodology

Table of Contents
-----------------
1. REPORT SUMMARY
2. REPORT DETAILS

1. REPORT SUMMARY
-----------------
            Netlist: netlist
          Floorplan: design_1
      Design limits: <entire design considered>
             Max violations: <unlimited>
             Violations found: 32
+-----------+------------------+-------------------------------------------------+------------+
| Rule      | Severity         | Description                                     | Violations |
+-----------+------------------+-------------------------------------------------+------------+
| TIMING-17 | Critical Warning | Non-clocked sequential cell                     | 28         |
| XDCC-5    | Warning          | User Non-Timing constraint/property overwritten | 4          |
+-----------+------------------+-------------------------------------------------+------------+

2. REPORT DETAILS
-----------------
TIMING-17#1 Critical Warning
Non-clocked sequential cell  
The clock pin system_i/knight_rider_0/inst/leds_reg[0]/C is not reached by a timing clock
Related violations: <none>

TIMING-17#2 Critical Warning
Non-clocked sequential cell  
The clock pin system_i/knight_rider_0/inst/leds_reg[1]/C is not reached by a timing clock
Related violations: <none>

TIMING-17#3 Critical Warning
Non-clocked sequential cell  
The clock pin system_i/knight_rider_0/inst/leds_reg[2]/C is not reached by a timing clock
Related violations: <none>

TIMING-17#4 Critical Warning
Non-clocked sequential cell  
The clock pin system_i/knight_rider_0/inst/leds_reg[3]/C is not reached by a timing clock
Related violations: <none>

TIMING-17#5 Critical Warning
Non-clocked sequential cell  
The clock pin system_i/knight_rider_0/inst/leds_reg[4]/C is not reached by a timing clock
Related violations: <none>

TIMING-17#6 Critical Warning
Non-clocked sequential cell  
The clock pin system_i/knight_rider_0/inst/leds_reg[5]/C is not reached by a timing clock
Related violations: <none>

TIMING-17#7 Critical Warning
Non-clocked sequential cell  
The clock pin system_i/knight_rider_0/inst/leds_reg[6]/C is not reached by a timing clock
Related violations: <none>

TIMING-17#8 Critical Warning
Non-clocked sequential cell  
The clock pin system_i/knight_rider_0/inst/leds_reg[7]/C is not reached by a timing clock
Related violations: <none>

TIMING-17#9 Critical Warning
Non-clocked sequential cell  
The clock pin system_i/knight_rider_0/inst/leds_reg[8]/C is not reached by a timing clock
Related violations: <none>

TIMING-17#10 Critical Warning
Non-clocked sequential cell  
The clock pin system_i/knight_rider_0/inst/leds_reg[9]/C is not reached by a timing clock
Related violations: <none>

TIMING-17#11 Critical Warning
Non-clocked sequential cell  
The clock pin system_i/knight_rider_0/inst/position_reg[0]/C is not reached by a timing clock
Related violations: <none>

TIMING-17#12 Critical Warning
Non-clocked sequential cell  
The clock pin system_i/knight_rider_0/inst/position_reg[1]/C is not reached by a timing clock
Related violations: <none>

TIMING-17#13 Critical Warning
Non-clocked sequential cell  
The clock pin system_i/knight_rider_0/inst/position_reg[2]/C is not reached by a timing clock
Related violations: <none>

TIMING-17#14 Critical Warning
Non-clocked sequential cell  
The clock pin system_i/knight_rider_0/inst/position_reg[3]/C is not reached by a timing clock
Related violations: <none>

TIMING-17#15 Critical Warning
Non-clocked sequential cell  
The clock pin system_i/knight_rider_1/inst/leds_reg[0]/C is not reached by a timing clock
Related violations: <none>

TIMING-17#16 Critical Warning
Non-clocked sequential cell  
The clock pin system_i/knight_rider_1/inst/leds_reg[1]/C is not reached by a timing clock
Related violations: <none>

TIMING-17#17 Critical Warning
Non-clocked sequential cell  
The clock pin system_i/knight_rider_1/inst/leds_reg[2]/C is not reached by a timing clock
Related violations: <none>

TIMING-17#18 Critical Warning
Non-clocked sequential cell  
The clock pin system_i/knight_rider_1/inst/leds_reg[3]/C is not reached by a timing clock
Related violations: <none>

TIMING-17#19 Critical Warning
Non-clocked sequential cell  
The clock pin system_i/knight_rider_1/inst/leds_reg[4]/C is not reached by a timing clock
Related violations: <none>

TIMING-17#20 Critical Warning
Non-clocked sequential cell  
The clock pin system_i/knight_rider_1/inst/leds_reg[5]/C is not reached by a timing clock
Related violations: <none>

TIMING-17#21 Critical Warning
Non-clocked sequential cell  
The clock pin system_i/knight_rider_1/inst/leds_reg[6]/C is not reached by a timing clock
Related violations: <none>

TIMING-17#22 Critical Warning
Non-clocked sequential cell  
The clock pin system_i/knight_rider_1/inst/leds_reg[7]/C is not reached by a timing clock
Related violations: <none>

TIMING-17#23 Critical Warning
Non-clocked sequential cell  
The clock pin system_i/knight_rider_1/inst/leds_reg[8]/C is not reached by a timing clock
Related violations: <none>

TIMING-17#24 Critical Warning
Non-clocked sequential cell  
The clock pin system_i/knight_rider_1/inst/leds_reg[9]/C is not reached by a timing clock
Related violations: <none>

TIMING-17#25 Critical Warning
Non-clocked sequential cell  
The clock pin system_i/knight_rider_1/inst/position_reg[0]/C is not reached by a timing clock
Related violations: <none>

TIMING-17#26 Critical Warning
Non-clocked sequential cell  
The clock pin system_i/knight_rider_1/inst/position_reg[1]/C is not reached by a timing clock
Related violations: <none>

TIMING-17#27 Critical Warning
Non-clocked sequential cell  
The clock pin system_i/knight_rider_1/inst/position_reg[2]/C is not reached by a timing clock
Related violations: <none>

TIMING-17#28 Critical Warning
Non-clocked sequential cell  
The clock pin system_i/knight_rider_1/inst/position_reg[3]/C is not reached by a timing clock
Related violations: <none>

XDCC-5#1 Warning
User Non-Timing constraint/property overwritten  
A new XDC property IOSTANDARD on dac_pwm_o[0] overrides a previous user property.
New Source: c:/Users/photquant/VivadoProjects/Tutorials/redpitaya_guide-master/cfg/ports.xdc (Line: 111)
Previous Source: c:/Users/photquant/VivadoProjects/Tutorials/redpitaya_guide-master/cfg/ports.xdc (Line: 99)
Related violations: <none>

XDCC-5#2 Warning
User Non-Timing constraint/property overwritten  
A new XDC property IOSTANDARD on dac_pwm_o[1] overrides a previous user property.
New Source: c:/Users/photquant/VivadoProjects/Tutorials/redpitaya_guide-master/cfg/ports.xdc (Line: 111)
Previous Source: c:/Users/photquant/VivadoProjects/Tutorials/redpitaya_guide-master/cfg/ports.xdc (Line: 99)
Related violations: <none>

XDCC-5#3 Warning
User Non-Timing constraint/property overwritten  
A new XDC property IOSTANDARD on dac_pwm_o[2] overrides a previous user property.
New Source: c:/Users/photquant/VivadoProjects/Tutorials/redpitaya_guide-master/cfg/ports.xdc (Line: 111)
Previous Source: c:/Users/photquant/VivadoProjects/Tutorials/redpitaya_guide-master/cfg/ports.xdc (Line: 99)
Related violations: <none>

XDCC-5#4 Warning
User Non-Timing constraint/property overwritten  
A new XDC property IOSTANDARD on dac_pwm_o[3] overrides a previous user property.
New Source: c:/Users/photquant/VivadoProjects/Tutorials/redpitaya_guide-master/cfg/ports.xdc (Line: 111)
Previous Source: c:/Users/photquant/VivadoProjects/Tutorials/redpitaya_guide-master/cfg/ports.xdc (Line: 99)
Related violations: <none>


