#-----------------------------------------------------------
# Vivado v2017.3.1 (64-bit)
# SW Build 2018833 on Wed Oct  4 19:58:22 MDT 2017
# IP Build 2034413 on Fri Oct 20 15:56:25 MDT 2017
# Start of session at: Wed Mar  7 14:21:57 2018
# Process ID: 1308
# Current directory: S:/Programmation/RedPitaya/blink_example/red_pitaya
# Command line: vivado.exe -gui_launcher_event rodinguilauncherevent6508 S:\Programmation\RedPitaya\blink_example\red_pitaya\red_pitaya.xpr
# Log file: S:/Programmation/RedPitaya/blink_example/red_pitaya/vivado.log
# Journal file: S:/Programmation/RedPitaya/blink_example/red_pitaya\vivado.jou
#-----------------------------------------------------------
start_gui
open_project S:/Programmation/RedPitaya/blink_example/red_pitaya/red_pitaya.xpr
Scanning sources...
Finished scanning sources
INFO: [IP_Flow 19-234] Refreshing IP repositories
INFO: [IP_Flow 19-1704] No user IP repositories specified
INFO: [IP_Flow 19-2313] Loaded Vivado IP repository 'C:/Xilinx/Vivado/2017.3/data/ip'.
WARNING: [BD 41-1661] One or more IPs have been locked in the design 'system.bd'. Please run report_ip_status for more details and recommendations on how to fix this issue.
List of locked IPs:
system_processing_system7_0_0

open_project: Time (s): cpu = 00:00:18 ; elapsed = 00:00:14 . Memory (MB): peak = 818.531 ; gain = 108.375
update_compile_order -fileset sources_1
exit
INFO: [Common 17-206] Exiting Vivado at Wed Mar  7 15:19:06 2018...
