#-----------------------------------------------------------
# Vivado v2020.1 (64-bit)
# SW Build 2902540 on Wed May 27 19:54:49 MDT 2020
# IP Build 2902112 on Wed May 27 22:43:36 MDT 2020
# Start of session at: Fri Mar 22 11:47:47 2024
# Process ID: 4788
# Current directory: C:/Users/photquant/VivadoProjects/Red_Pitaya_17/red_pitaya_fpga_blink_example_2
# Command line: vivado.exe -gui_launcher_event rodinguilauncherevent1240 C:\Users\photquant\VivadoProjects\Red_Pitaya_17\red_pitaya_fpga_blink_example_2\red_pitaya.xpr
# Log file: C:/Users/photquant/VivadoProjects/Red_Pitaya_17/red_pitaya_fpga_blink_example_2/vivado.log
# Journal file: C:/Users/photquant/VivadoProjects/Red_Pitaya_17/red_pitaya_fpga_blink_example_2\vivado.jou
#-----------------------------------------------------------
start_gui
open_project -read_only C:/Users/photquant/VivadoProjects/Red_Pitaya_17/red_pitaya_fpga_blink_example_2/red_pitaya.xpr
INFO: [Project 1-313] Project file moved from 'S:/Programmation/RedPitaya/blink_example/red_pitaya' since last save.
Scanning sources...
Finished scanning sources
INFO: [IP_Flow 19-234] Refreshing IP repositories
INFO: [IP_Flow 19-1704] No user IP repositories specified
INFO: [IP_Flow 19-2313] Loaded Vivado IP repository 'C:/Xilinx/Vivado/2020.1/data/ip'.
WARNING: [BD 41-1663] The design 'system.bd' cannot be modified due to following reason(s):
* Project is read-only. Please run 'save_project_as' before making any change to the bd-design. 

WARNING: [BD 41-1661] One or more IPs have been locked in the design 'system.bd'. Please run report_ip_status for more details and recommendations on how to fix this issue.
List of locked IPs:
system_processing_system7_0_0

WARNING: [Project 1-229] Project 'red_pitaya.xpr' is read-only and therefore could not be upgraded for this version of Vivado.  Use 'File | Save Project As...' if you wish to save an upgraded copy.
open_project: Time (s): cpu = 00:00:15 ; elapsed = 00:00:09 . Memory (MB): peak = 1027.570 ; gain = 0.000
update_compile_order -fileset sources_1
exit
INFO: [Common 17-206] Exiting Vivado at Fri Mar 22 18:01:59 2024...
