Copyright 1986-2020 Xilinx, Inc. All Rights Reserved.
----------------------------------------------------------------------------------------------------------------------------------------------------------------
| Tool Version     : Vivado v.2020.1 (lin64) Build 2902540 Wed May 27 19:54:35 MDT 2020
| Date             : Wed Apr 24 17:57:55 2024
| Host             : UbuntuVM running 64-bit Ubuntu 20.04.6 LTS
| Command          : report_power -file red_pitaya_top_power_routed.rpt -pb red_pitaya_top_power_summary_routed.pb -rpx red_pitaya_top_power_routed.rpx
| Design           : red_pitaya_top
| Device           : xc7z010clg400-1
| Design State     : routed
| Grade            : commercial
| Process          : typical
| Characterization : Production
----------------------------------------------------------------------------------------------------------------------------------------------------------------

Power Report

Table of Contents
-----------------
1. Summary
1.1 On-Chip Components
1.2 Power Supply Summary
1.3 Confidence Level
2. Settings
2.1 Environment
2.2 Clock Constraints
3. Detailed Reports
3.1 By Hierarchy

1. Summary
----------

+--------------------------+--------------+
| Total On-Chip Power (W)  | 2.067        |
| Design Power Budget (W)  | Unspecified* |
| Power Budget Margin (W)  | NA           |
| Dynamic (W)              | 1.928        |
| Device Static (W)        | 0.138        |
| Effective TJA (C/W)      | 11.5         |
| Max Ambient (C)          | 61.2         |
| Junction Temperature (C) | 48.8         |
| Confidence Level         | Low          |
| Setting File             | ---          |
| Simulation Activity File | ---          |
| Design Nets Matched      | NA           |
+--------------------------+--------------+
* Specify Design Power Budget using, set_operating_conditions -design_power_budget <value in Watts>


1.1 On-Chip Components
----------------------

+--------------------------+-----------+----------+-----------+-----------------+
| On-Chip                  | Power (W) | Used     | Available | Utilization (%) |
+--------------------------+-----------+----------+-----------+-----------------+
| Clocks                   |     0.032 |       13 |       --- |             --- |
| Slice Logic              |     0.039 |    11721 |       --- |             --- |
|   LUT as Logic           |     0.034 |     4590 |     17600 |           26.08 |
|   CARRY4                 |     0.003 |      519 |      4400 |           11.80 |
|   Register               |     0.002 |     4589 |     35200 |           13.04 |
|   LUT as Distributed RAM |    <0.001 |      152 |      6000 |            2.53 |
|   F7/F8 Muxes            |    <0.001 |       63 |     17600 |            0.36 |
|   LUT as Shift Register  |    <0.001 |       48 |      6000 |            0.80 |
|   Others                 |     0.000 |      291 |       --- |             --- |
| Signals                  |     0.054 |     9380 |       --- |             --- |
| Block RAM                |     0.115 |       58 |        60 |           96.67 |
| PLL                      |     0.102 |        1 |         2 |           50.00 |
| DSPs                     |     0.026 |       21 |        80 |           26.25 |
| I/O                      |     0.265 |       62 |       100 |           62.00 |
| XADC                     |     0.004 |        1 |       --- |             --- |
| PS7                      |     1.292 |        1 |       --- |             --- |
| Static Power             |     0.138 |          |           |                 |
| Total                    |     2.067 |          |           |                 |
+--------------------------+-----------+----------+-----------+-----------------+


1.2 Power Supply Summary
------------------------

+-----------+-------------+-----------+-------------+------------+-------------+-------------+------------+
| Source    | Voltage (V) | Total (A) | Dynamic (A) | Static (A) | Powerup (A) | Budget (A)  | Margin (A) |
+-----------+-------------+-----------+-------------+------------+-------------+-------------+------------+
| Vccint    |       1.000 |     0.278 |       0.268 |      0.011 |       NA    | Unspecified | NA         |
| Vccaux    |       1.800 |     0.066 |       0.057 |      0.009 |       NA    | Unspecified | NA         |
| Vcco33    |       3.300 |     0.078 |       0.077 |      0.001 |       NA    | Unspecified | NA         |
| Vcco25    |       2.500 |     0.000 |       0.000 |      0.000 |       NA    | Unspecified | NA         |
| Vcco18    |       1.800 |     0.000 |       0.000 |      0.000 |       NA    | Unspecified | NA         |
| Vcco15    |       1.500 |     0.000 |       0.000 |      0.000 |       NA    | Unspecified | NA         |
| Vcco135   |       1.350 |     0.000 |       0.000 |      0.000 |       NA    | Unspecified | NA         |
| Vcco12    |       1.200 |     0.000 |       0.000 |      0.000 |       NA    | Unspecified | NA         |
| Vccaux_io |       1.800 |     0.000 |       0.000 |      0.000 |       NA    | Unspecified | NA         |
| Vccbram   |       1.000 |     0.015 |       0.010 |      0.005 |       NA    | Unspecified | NA         |
| MGTAVcc   |       1.000 |     0.000 |       0.000 |      0.000 |       NA    | Unspecified | NA         |
| MGTAVtt   |       1.200 |     0.000 |       0.000 |      0.000 |       NA    | Unspecified | NA         |
| MGTVccaux |       1.800 |     0.000 |       0.000 |      0.000 |       NA    | Unspecified | NA         |
| Vccpint   |       1.000 |     0.713 |       0.678 |      0.035 |       NA    | Unspecified | NA         |
| Vccpaux   |       1.800 |     0.038 |       0.027 |      0.010 |       NA    | Unspecified | NA         |
| Vccpll    |       1.800 |     0.017 |       0.014 |      0.003 |       NA    | Unspecified | NA         |
| Vcco_ddr  |       1.500 |     0.356 |       0.354 |      0.002 |       NA    | Unspecified | NA         |
| Vcco_mio0 |       3.300 |     0.002 |       0.001 |      0.001 |       NA    | Unspecified | NA         |
| Vcco_mio1 |       2.500 |     0.003 |       0.002 |      0.001 |       NA    | Unspecified | NA         |
| Vccadc    |       1.800 |     0.022 |       0.002 |      0.020 |       NA    | Unspecified | NA         |
+-----------+-------------+-----------+-------------+------------+-------------+-------------+------------+


1.3 Confidence Level
--------------------

+-----------------------------+------------+--------------------------------------------------------+------------------------------------------------------------------------------------------------------------+
| User Input Data             | Confidence | Details                                                | Action                                                                                                     |
+-----------------------------+------------+--------------------------------------------------------+------------------------------------------------------------------------------------------------------------+
| Design implementation state | High       | Design is routed                                       |                                                                                                            |
| Clock nodes activity        | High       | User specified more than 95% of clocks                 |                                                                                                            |
| I/O nodes activity          | Low        | More than 75% of inputs are missing user specification | Provide missing input activity with simulation results or by editing the "By Resource Type -> I/Os" view   |
| Internal nodes activity     | Medium     | User specified less than 25% of internal nodes         | Provide missing internal nodes activity with simulation results or by editing the "By Resource Type" views |
| Device models               | High       | Device models are Production                           |                                                                                                            |
|                             |            |                                                        |                                                                                                            |
| Overall confidence level    | Low        |                                                        |                                                                                                            |
+-----------------------------+------------+--------------------------------------------------------+------------------------------------------------------------------------------------------------------------+


2. Settings
-----------

2.1 Environment
---------------

+-----------------------+------------------------+
| Ambient Temp (C)      | 25.0                   |
| ThetaJA (C/W)         | 11.5                   |
| Airflow (LFM)         | 250                    |
| Heat Sink             | none                   |
| ThetaSA (C/W)         | 0.0                    |
| Board Selection       | medium (10"x10")       |
| # of Board Layers     | 8to11 (8 to 11 Layers) |
| Board Temperature (C) | 25.0                   |
+-----------------------+------------------------+


2.2 Clock Constraints
---------------------

+------------------------------+------------------------------------------------------------+-----------------+
| Clock                        | Domain                                                     | Constraint (ns) |
+------------------------------+------------------------------------------------------------+-----------------+
| adc_clk_i[1]                 | adc_clk_i[1]                                               |             8.0 |
| clk_adc_internal_clks_pll    | pll/inst/clk_adc_internal_clks_pll                         |             8.0 |
| clk_dac_1x_internal_clks_pll | pll/inst/clk_dac_1x_internal_clks_pll                      |             8.0 |
| clk_dac_2p_internal_clks_pll | pll/inst/clk_dac_2p_internal_clks_pll                      |             4.0 |
| clk_dac_2x_internal_clks_pll | pll/inst/clk_dac_2x_internal_clks_pll                      |             4.0 |
| clk_fpga_3                   | ps/system_i/processing_system7/inst/FCLK_CLK_unbuffered[3] |             5.0 |
| clkfbout_internal_clks_pll   | pll/inst/clkfbout_internal_clks_pll                        |             8.0 |
+------------------------------+------------------------------------------------------------+-----------------+


3. Detailed Reports
-------------------

3.1 By Hierarchy
----------------

+--------------------------------+-----------+
| Name                           | Power (W) |
+--------------------------------+-----------+
| red_pitaya_top                 |     1.928 |
|   i_lock                       |     0.072 |
|     demodIn1                   |     0.008 |
|       i_LP_filter_Demod1       |     0.003 |
|       i_LP_filter_Demod2       |     0.004 |
|     i_gen_ramp                 |     0.006 |
|       i_mult_ramp_B            |     0.002 |
|       i_rampstepcalc           |     0.002 |
|     i_lock_pid                 |     0.034 |
|       i_LP_filter_Diff         |     0.008 |
|     incr_ramp_ampl             |     0.001 |
|     incr_ramp_offset           |     0.002 |
|     mean_var_error             |     0.014 |
|   i_lock_monitor               |     0.002 |
|     i_LP_filter_IntLP          |     0.002 |
|   i_scope                      |     0.160 |
|     i_dfilt1_cha               |     0.010 |
|       i_mult_bb                |     0.002 |
|       i_mult_kk                |     0.002 |
|     i_dfilt1_chb               |     0.010 |
|       i_mult_bb                |     0.002 |
|       i_mult_kk                |     0.002 |
|     i_wr0                      |     0.004 |
|     i_wr1                      |     0.004 |
|   pll                          |     0.103 |
|     inst                       |     0.103 |
|   ps                           |     1.322 |
|     axi_master[0]              |     0.002 |
|     axi_master[1]              |     0.002 |
|     axi_slave_gp0              |     0.003 |
|     system_i                   |     1.314 |
|       axi_protocol_converter_0 |     0.011 |
|       processing_system7       |     1.293 |
|       xadc                     |     0.009 |
+--------------------------------+-----------+


