Copyright 1986-2020 Xilinx, Inc. All Rights Reserved.
--------------------------------------------------------------------------------------------
| Tool Version : Vivado v.2020.1 (lin64) Build 2902540 Wed May 27 19:54:35 MDT 2020
| Date         : Thu Feb 15 22:12:29 2024
| Host         : alexei-jeip running 64-bit Ubuntu 20.04.6 LTS
| Command      : report_clock_utilization -file red_pitaya_top_clock_utilization_routed.rpt
| Design       : red_pitaya_top
| Device       : 7z010-clg400
| Speed File   : -1  PRODUCTION 1.12 2019-11-22
| Design State : Routed
--------------------------------------------------------------------------------------------

Clock Utilization Report

Table of Contents
-----------------
1. Clock Primitive Utilization
2. Global Clock Resources
3. Global Clock Source Details
4. Clock Regions: Key Resource Utilization
5. Clock Regions : Global Clock Summary
6. Device Cell Placement Summary for Global Clock g0
7. Device Cell Placement Summary for Global Clock g1
8. Device Cell Placement Summary for Global Clock g2
9. Device Cell Placement Summary for Global Clock g3
10. Device Cell Placement Summary for Global Clock g4
11. Device Cell Placement Summary for Global Clock g5
12. Device Cell Placement Summary for Global Clock g6
13. Device Cell Placement Summary for Global Clock g7
14. Device Cell Placement Summary for Global Clock g8
15. Device Cell Placement Summary for Global Clock g9
16. Clock Region Cell Placement per Global Clock: Region X0Y0
17. Clock Region Cell Placement per Global Clock: Region X1Y0
18. Clock Region Cell Placement per Global Clock: Region X0Y1
19. Clock Region Cell Placement per Global Clock: Region X1Y1

1. Clock Primitive Utilization
------------------------------

+----------+------+-----------+-----+--------------+--------+
| Type     | Used | Available | LOC | Clock Region | Pblock |
+----------+------+-----------+-----+--------------+--------+
| BUFGCTRL |    8 |        32 |   0 |            0 |      0 |
| BUFH     |    2 |        48 |   0 |            0 |      0 |
| BUFIO    |    0 |         8 |   0 |            0 |      0 |
| BUFMR    |    0 |         4 |   0 |            0 |      0 |
| BUFR     |    0 |         8 |   0 |            0 |      0 |
| MMCM     |    0 |         2 |   0 |            0 |      0 |
| PLL      |    1 |         2 |   0 |            0 |      0 |
+----------+------+-----------+-----+--------------+--------+


2. Global Clock Resources
-------------------------

+-----------+-----------+-----------------+------------+----------------+--------------+-------------------+-------------+-----------------+--------------+-------------------------------+-------------------------------------------------------------------------+-----------------------------------------------+
| Global Id | Source Id | Driver Type/Pin | Constraint | Site           | Clock Region | Load Clock Region | Clock Loads | Non-Clock Loads | Clock Period | Clock                         | Driver Pin                                                              | Net                                           |
+-----------+-----------+-----------------+------------+----------------+--------------+-------------------+-------------+-----------------+--------------+-------------------------------+-------------------------------------------------------------------------+-----------------------------------------------+
| g0        | src0      | BUFG/O          | None       | BUFGCTRL_X0Y4  | n/a          |                 4 |        4837 |               0 |        8.000 | clk_adc_red_pitaya_pll_mod    | pll/inst/clkout1_buf/O                                                  | pll/inst/clk_adc                              |
| g1        | src1      | BUFG/O          | None       | BUFGCTRL_X0Y15 | n/a          |                 2 |         765 |               0 |        5.000 | clk_fpga_3                    | ps/system_i/processing_system7/inst/buffer_fclk_clk_3.FCLK_CLK_3_BUFG/O | ps/system_i/processing_system7/inst/FCLK_CLK3 |
| g2        | src0      | BUFG/O          | None       | BUFGCTRL_X0Y6  | n/a          |                 2 |          45 |               0 |        8.000 | clk_dac_1x_red_pitaya_pll_mod | pll/inst/clkout2_buf/O                                                  | pll/inst/clk_dac_1x                           |
| g3        | src2      | BUFH/O          | None       | BUFHCE_X0Y12   | X0Y1         |                 2 |          16 |               0 |        8.000 | clk_fpga_0                    | bufh_intclk/O                                                           | int_clk_buf                                   |
| g4        | src3      | BUFH/O          | None       | BUFHCE_X1Y16   | X1Y1         |                 2 |          12 |               0 |        8.000 | exp_p_io1                     | i_clk_ext/O                                                             | ext_clk_in                                    |
| g5        | src4      | BUFGCTRL/O      | None       | BUFGCTRL_X0Y31 | n/a          |                 1 |           2 |               0 |        8.000 | Multiple                      | adc_clk_out_mux/O                                                       | adc_clk_o_src                                 |
| g6        | src0      | BUFG/O          | None       | BUFGCTRL_X0Y7  | n/a          |                 1 |           1 |               0 |        4.000 | clk_dac_2p_red_pitaya_pll_mod | pll/inst/clkout4_buf/O                                                  | pll/inst/clk_dac_2p                           |
| g7        | src0      | BUFG/O          | None       | BUFGCTRL_X0Y3  | n/a          |                 1 |           1 |               0 |        4.000 | clk_dac_2x_red_pitaya_pll_mod | pll/inst/clkout3_buf/O                                                  | pll/inst/clk_dac_2x                           |
| g8        | src0      | BUFG/O          | None       | BUFGCTRL_X0Y5  | n/a          |                 1 |           1 |               0 |        8.000 | clkfbout_red_pitaya_pll_mod   | pll/inst/clkf_buf/O                                                     | pll/inst/clkfbout_buf_red_pitaya_pll_mod      |
| g9        | src1      | BUFG/O          | None       | BUFGCTRL_X0Y14 | n/a          |                 1 |           1 |               0 |        8.000 | clk_fpga_0                    | ps/fclk_buf[0]/O                                                        | ps/O[0]                                       |
+-----------+-----------+-----------------+------------+----------------+--------------+-------------------+-------------+-----------------+--------------+-------------------------------+-------------------------------------------------------------------------+-----------------------------------------------+
* Clock Loads column represents the clock pin loads (pin count)
** Non-Clock Loads column represents the non-clock pin loads (pin count)


3. Global Clock Source Details
------------------------------

+-----------+-----------+--------------------+------------+----------------+--------------+-------------+-----------------+---------------------+-------------------------------+------------------------------------------------------+------------------------------------------------------------+
| Source Id | Global Id | Driver Type/Pin    | Constraint | Site           | Clock Region | Clock Loads | Non-Clock Loads | Source Clock Period | Source Clock                  | Driver Pin                                           | Net                                                        |
+-----------+-----------+--------------------+------------+----------------+--------------+-------------+-----------------+---------------------+-------------------------------+------------------------------------------------------+------------------------------------------------------------+
| src0      | g0        | PLLE2_ADV/CLKOUT0  | None       | PLLE2_ADV_X0Y0 | X1Y0         |           1 |               0 |               8.000 | clk_adc_red_pitaya_pll_mod    | pll/inst/plle2_adv_inst/CLKOUT0                      | pll/inst/clk_adc_red_pitaya_pll_mod                        |
| src0      | g2        | PLLE2_ADV/CLKOUT1  | None       | PLLE2_ADV_X0Y0 | X1Y0         |           1 |               0 |               8.000 | clk_dac_1x_red_pitaya_pll_mod | pll/inst/plle2_adv_inst/CLKOUT1                      | pll/inst/clk_dac_1x_red_pitaya_pll_mod                     |
| src0      | g6        | PLLE2_ADV/CLKOUT3  | None       | PLLE2_ADV_X0Y0 | X1Y0         |           1 |               0 |               4.000 | clk_dac_2p_red_pitaya_pll_mod | pll/inst/plle2_adv_inst/CLKOUT3                      | pll/inst/clk_dac_2p_red_pitaya_pll_mod                     |
| src0      | g7        | PLLE2_ADV/CLKOUT2  | None       | PLLE2_ADV_X0Y0 | X1Y0         |           1 |               0 |               4.000 | clk_dac_2x_red_pitaya_pll_mod | pll/inst/plle2_adv_inst/CLKOUT2                      | pll/inst/clk_dac_2x_red_pitaya_pll_mod                     |
| src0      | g8        | PLLE2_ADV/CLKFBOUT | None       | PLLE2_ADV_X0Y0 | X1Y0         |           1 |               0 |               8.000 | clkfbout_red_pitaya_pll_mod   | pll/inst/plle2_adv_inst/CLKFBOUT                     | pll/inst/clkfbout_red_pitaya_pll_mod                       |
| src1      | g9        | PS7/FCLKCLK[0]     | PS7_X0Y0   | PS7_X0Y0       | X0Y1         |           1 |               0 |               8.000 | clk_fpga_0                    | ps/system_i/processing_system7/inst/PS7_i/FCLKCLK[0] | ps/system_i/processing_system7/inst/FCLK_CLK_unbuffered[0] |
| src1      | g1        | PS7/FCLKCLK[3]     | PS7_X0Y0   | PS7_X0Y0       | X0Y1         |           1 |               0 |               5.000 | clk_fpga_3                    | ps/system_i/processing_system7/inst/PS7_i/FCLKCLK[3] | ps/system_i/processing_system7/inst/FCLK_CLK_unbuffered[3] |
| src2      | g3        | BUFG/O             | None       | BUFGCTRL_X0Y14 | n/a          |           1 |               0 |               8.000 | clk_fpga_0                    | ps/fclk_buf[0]/O                                     | ps/O[0]                                                    |
| src3      | g4        | IBUF/O             | IOB_X0Y74  | IOB_X0Y74      | X1Y1         |           1 |               0 |               8.000 | exp_p_io1                     | exp_p_io1_IBUF_inst/O                                | exp_p_io1_IBUF                                             |
| src4      | g5        | BUFH/O             | None       | BUFHCE_X0Y12   | X0Y1         |          16 |               0 |               8.000 | clk_fpga_0                    | bufh_intclk/O                                        | int_clk_buf                                                |
+-----------+-----------+--------------------+------------+----------------+--------------+-------------+-----------------+---------------------+-------------------------------+------------------------------------------------------+------------------------------------------------------------+
* Clock Loads column represents the clock pin loads (pin count)
** Non-Clock Loads column represents the non-clock pin loads (pin count)


4. Clock Regions: Key Resource Utilization
------------------------------------------

+-------------------+--------------+--------------+--------------+--------------+--------------+--------------+--------------+--------------+--------------+--------------+--------------+--------------+--------------+--------------+--------------+
|                   | Global Clock |     BUFRs    |    BUFMRs    |    BUFIOs    |     MMCM     |      PLL     |      GT      |      PCI     |    ILOGIC    |    OLOGIC    |      FF      |     LUTM     |    RAMB18    |    RAMB36    |    DSP48E2   |
+-------------------+------+-------+------+-------+------+-------+------+-------+------+-------+------+-------+------+-------+------+-------+------+-------+------+-------+------+-------+------+-------+------+-------+------+-------+------+-------+
| Clock Region Name | Used | Avail | Used | Avail | Used | Avail | Used | Avail | Used | Avail | Used | Avail | Used | Avail | Used | Avail | Used | Avail | Used | Avail | Used | Avail | Used | Avail | Used | Avail | Used | Avail | Used | Avail |
+-------------------+------+-------+------+-------+------+-------+------+-------+------+-------+------+-------+------+-------+------+-------+------+-------+------+-------+------+-------+------+-------+------+-------+------+-------+------+-------+
| X0Y0              |    2 |    12 |    0 |     0 |    0 |     0 |    0 |     0 |    0 |     0 |    0 |     0 |    0 |     0 |    0 |     0 |    0 |     0 |    0 |     0 | 2625 |  1100 |  952 |   400 |    0 |    20 |   10 |    10 |    2 |    20 |
| X1Y0              |    4 |    12 |    0 |     4 |    0 |     2 |    0 |     4 |    0 |     1 |    1 |     1 |    0 |     0 |    0 |     0 |   28 |    50 |    2 |    50 | 1670 |  1100 |  532 |   350 |    0 |    40 |   20 |    20 |    8 |    20 |
| X0Y1              |    4 |    12 |    0 |     0 |    0 |     0 |    0 |     0 |    0 |     0 |    0 |     0 |    0 |     0 |    0 |     0 |    0 |     0 |    0 |     0 |  973 |  1100 |  402 |   400 |    0 |    20 |    8 |    10 |    0 |    20 |
| X1Y1              |    5 |    12 |    0 |     4 |    0 |     2 |    0 |     4 |    0 |     1 |    0 |     1 |    0 |     0 |    0 |     0 |    0 |    50 |   19 |    50 |  203 |  1100 |   58 |   350 |    0 |    40 |   20 |    20 |    0 |    20 |
+-------------------+------+-------+------+-------+------+-------+------+-------+------+-------+------+-------+------+-------+------+-------+------+-------+------+-------+------+-------+------+-------+------+-------+------+-------+------+-------+
* Global Clock column represents track count; while other columns represents cell counts


5. Clock Regions : Global Clock Summary
---------------------------------------

All Modules
+----+----+----+
|    | X0 | X1 |
+----+----+----+
| Y1 |  4 |  5 |
| Y0 |  2 |  4 |
+----+----+----+


6. Device Cell Placement Summary for Global Clock g0
----------------------------------------------------

+-----------+-----------------+-------------------+----------------------------+-------------+---------------+-------------+----------+----------------+----------+------------------+
| Global Id | Driver Type/Pin | Driver Region (D) | Clock                      | Period (ns) | Waveform (ns) | Slice Loads | IO Loads | Clocking Loads | GT Loads | Net              |
+-----------+-----------------+-------------------+----------------------------+-------------+---------------+-------------+----------+----------------+----------+------------------+
| g0        | BUFG/O          | n/a               | clk_adc_red_pitaya_pll_mod |       8.000 | {0.000 4.000} |        4779 |        0 |              0 |        0 | pll/inst/clk_adc |
+-----------+-----------------+-------------------+----------------------------+-------------+---------------+-------------+----------+----------------+----------+------------------+
* Slice Loads column represents load cell count of all cell types other than IO, GT and clock resources
** IO Loads column represents load cell count of IO types
*** Clocking Loads column represents load cell count that are clock resources (global clock buffer, MMCM, PLL, etc)
**** GT Loads column represents load cell count of GT types


+----+-------+-------+
|    | X0    | X1    |
+----+-------+-------+
| Y1 |   264 |   212 |
| Y0 |  2629 |  1674 |
+----+-------+-------+


7. Device Cell Placement Summary for Global Clock g1
----------------------------------------------------

+-----------+-----------------+-------------------+------------+-------------+---------------+-------------+----------+----------------+----------+-----------------------------------------------+
| Global Id | Driver Type/Pin | Driver Region (D) | Clock      | Period (ns) | Waveform (ns) | Slice Loads | IO Loads | Clocking Loads | GT Loads | Net                                           |
+-----------+-----------------+-------------------+------------+-------------+---------------+-------------+----------+----------------+----------+-----------------------------------------------+
| g1        | BUFG/O          | n/a               | clk_fpga_3 |       5.000 | {0.000 2.500} |         765 |        0 |              0 |        0 | ps/system_i/processing_system7/inst/FCLK_CLK3 |
+-----------+-----------------+-------------------+------------+-------------+---------------+-------------+----------+----------------+----------+-----------------------------------------------+
* Slice Loads column represents load cell count of all cell types other than IO, GT and clock resources
** IO Loads column represents load cell count of IO types
*** Clocking Loads column represents load cell count that are clock resources (global clock buffer, MMCM, PLL, etc)
**** GT Loads column represents load cell count of GT types


+----+------+----+
|    | X0   | X1 |
+----+------+----+
| Y1 |  757 |  0 |
| Y0 |    8 |  0 |
+----+------+----+


8. Device Cell Placement Summary for Global Clock g2
----------------------------------------------------

+-----------+-----------------+-------------------+-------------------------------+-------------+---------------+-------------+----------+----------------+----------+---------------------+
| Global Id | Driver Type/Pin | Driver Region (D) | Clock                         | Period (ns) | Waveform (ns) | Slice Loads | IO Loads | Clocking Loads | GT Loads | Net                 |
+-----------+-----------------+-------------------+-------------------------------+-------------+---------------+-------------+----------+----------------+----------+---------------------+
| g2        | BUFG/O          | n/a               | clk_dac_1x_red_pitaya_pll_mod |       8.000 | {0.000 4.000} |          45 |        0 |              0 |        0 | pll/inst/clk_dac_1x |
+-----------+-----------------+-------------------+-------------------------------+-------------+---------------+-------------+----------+----------------+----------+---------------------+
* Slice Loads column represents load cell count of all cell types other than IO, GT and clock resources
** IO Loads column represents load cell count of IO types
*** Clocking Loads column represents load cell count that are clock resources (global clock buffer, MMCM, PLL, etc)
**** GT Loads column represents load cell count of GT types


+----+----+-----+
|    | X0 | X1  |
+----+----+-----+
| Y1 |  0 |  17 |
| Y0 |  0 |  28 |
+----+----+-----+


9. Device Cell Placement Summary for Global Clock g3
----------------------------------------------------

+-----------+-----------------+-------------------+------------+-------------+---------------+-------------+----------+----------------+----------+-------------+
| Global Id | Driver Type/Pin | Driver Region (D) | Clock      | Period (ns) | Waveform (ns) | Slice Loads | IO Loads | Clocking Loads | GT Loads | Net         |
+-----------+-----------------+-------------------+------------+-------------+---------------+-------------+----------+----------------+----------+-------------+
| g3        | BUFH/O          | X0Y1              | clk_fpga_0 |       8.000 | {0.000 4.000} |          15 |        0 |              1 |        0 | int_clk_buf |
+-----------+-----------------+-------------------+------------+-------------+---------------+-------------+----------+----------------+----------+-------------+
* Slice Loads column represents load cell count of all cell types other than IO, GT and clock resources
** IO Loads column represents load cell count of IO types
*** Clocking Loads column represents load cell count that are clock resources (global clock buffer, MMCM, PLL, etc)
**** GT Loads column represents load cell count of GT types


+----+---------+----+
|    | X0      | X1 |
+----+---------+----+
| Y1 |  (D) 15 |  0 |
| Y0 |       0 |  0 |
+----+---------+----+


10. Device Cell Placement Summary for Global Clock g4
-----------------------------------------------------

+-----------+-----------------+-------------------+-----------+-------------+---------------+-------------+----------+----------------+----------+------------+
| Global Id | Driver Type/Pin | Driver Region (D) | Clock     | Period (ns) | Waveform (ns) | Slice Loads | IO Loads | Clocking Loads | GT Loads | Net        |
+-----------+-----------------+-------------------+-----------+-------------+---------------+-------------+----------+----------------+----------+------------+
| g4        | BUFH/O          | X1Y1              | exp_p_io1 |       8.000 | {0.000 4.000} |          11 |        0 |              1 |        0 | ext_clk_in |
+-----------+-----------------+-------------------+-----------+-------------+---------------+-------------+----------+----------------+----------+------------+
* Slice Loads column represents load cell count of all cell types other than IO, GT and clock resources
** IO Loads column represents load cell count of IO types
*** Clocking Loads column represents load cell count that are clock resources (global clock buffer, MMCM, PLL, etc)
**** GT Loads column represents load cell count of GT types


+----+----+---------+
|    | X0 | X1      |
+----+----+---------+
| Y1 |  0 |  (D) 11 |
| Y0 |  0 |       0 |
+----+----+---------+


11. Device Cell Placement Summary for Global Clock g5
-----------------------------------------------------

+-----------+-----------------+-------------------+----------+-------------+---------------+-------------+----------+----------------+----------+---------------+
| Global Id | Driver Type/Pin | Driver Region (D) | Clock    | Period (ns) | Waveform (ns) | Slice Loads | IO Loads | Clocking Loads | GT Loads | Net           |
+-----------+-----------------+-------------------+----------+-------------+---------------+-------------+----------+----------------+----------+---------------+
| g5        | BUFGCTRL/O      | n/a               | Multiple |       8.000 | {0.000 4.000} |           2 |        0 |              0 |        0 | adc_clk_o_src |
+-----------+-----------------+-------------------+----------+-------------+---------------+-------------+----------+----------------+----------+---------------+
* Slice Loads column represents load cell count of all cell types other than IO, GT and clock resources
** IO Loads column represents load cell count of IO types
*** Clocking Loads column represents load cell count that are clock resources (global clock buffer, MMCM, PLL, etc)
**** GT Loads column represents load cell count of GT types


+----+----+----+
|    | X0 | X1 |
+----+----+----+
| Y1 |  0 |  0 |
| Y0 |  0 |  2 |
+----+----+----+


12. Device Cell Placement Summary for Global Clock g6
-----------------------------------------------------

+-----------+-----------------+-------------------+-------------------------------+-------------+----------------+-------------+----------+----------------+----------+---------------------+
| Global Id | Driver Type/Pin | Driver Region (D) | Clock                         | Period (ns) | Waveform (ns)  | Slice Loads | IO Loads | Clocking Loads | GT Loads | Net                 |
+-----------+-----------------+-------------------+-------------------------------+-------------+----------------+-------------+----------+----------------+----------+---------------------+
| g6        | BUFG/O          | n/a               | clk_dac_2p_red_pitaya_pll_mod |       4.000 | {-0.500 1.500} |           1 |        0 |              0 |        0 | pll/inst/clk_dac_2p |
+-----------+-----------------+-------------------+-------------------------------+-------------+----------------+-------------+----------+----------------+----------+---------------------+
* Slice Loads column represents load cell count of all cell types other than IO, GT and clock resources
** IO Loads column represents load cell count of IO types
*** Clocking Loads column represents load cell count that are clock resources (global clock buffer, MMCM, PLL, etc)
**** GT Loads column represents load cell count of GT types


+----+----+----+
|    | X0 | X1 |
+----+----+----+
| Y1 |  0 |  1 |
| Y0 |  0 |  0 |
+----+----+----+


13. Device Cell Placement Summary for Global Clock g7
-----------------------------------------------------

+-----------+-----------------+-------------------+-------------------------------+-------------+---------------+-------------+----------+----------------+----------+---------------------+
| Global Id | Driver Type/Pin | Driver Region (D) | Clock                         | Period (ns) | Waveform (ns) | Slice Loads | IO Loads | Clocking Loads | GT Loads | Net                 |
+-----------+-----------------+-------------------+-------------------------------+-------------+---------------+-------------+----------+----------------+----------+---------------------+
| g7        | BUFG/O          | n/a               | clk_dac_2x_red_pitaya_pll_mod |       4.000 | {0.000 2.000} |           1 |        0 |              0 |        0 | pll/inst/clk_dac_2x |
+-----------+-----------------+-------------------+-------------------------------+-------------+---------------+-------------+----------+----------------+----------+---------------------+
* Slice Loads column represents load cell count of all cell types other than IO, GT and clock resources
** IO Loads column represents load cell count of IO types
*** Clocking Loads column represents load cell count that are clock resources (global clock buffer, MMCM, PLL, etc)
**** GT Loads column represents load cell count of GT types


+----+----+----+
|    | X0 | X1 |
+----+----+----+
| Y1 |  0 |  1 |
| Y0 |  0 |  0 |
+----+----+----+


14. Device Cell Placement Summary for Global Clock g8
-----------------------------------------------------

+-----------+-----------------+-------------------+-----------------------------+-------------+---------------+-------------+----------+----------------+----------+------------------------------------------+
| Global Id | Driver Type/Pin | Driver Region (D) | Clock                       | Period (ns) | Waveform (ns) | Slice Loads | IO Loads | Clocking Loads | GT Loads | Net                                      |
+-----------+-----------------+-------------------+-----------------------------+-------------+---------------+-------------+----------+----------------+----------+------------------------------------------+
| g8        | BUFG/O          | n/a               | clkfbout_red_pitaya_pll_mod |       8.000 | {0.000 4.000} |           0 |        0 |              1 |        0 | pll/inst/clkfbout_buf_red_pitaya_pll_mod |
+-----------+-----------------+-------------------+-----------------------------+-------------+---------------+-------------+----------+----------------+----------+------------------------------------------+
* Slice Loads column represents load cell count of all cell types other than IO, GT and clock resources
** IO Loads column represents load cell count of IO types
*** Clocking Loads column represents load cell count that are clock resources (global clock buffer, MMCM, PLL, etc)
**** GT Loads column represents load cell count of GT types


+----+----+----+
|    | X0 | X1 |
+----+----+----+
| Y1 |  0 |  0 |
| Y0 |  0 |  1 |
+----+----+----+


15. Device Cell Placement Summary for Global Clock g9
-----------------------------------------------------

+-----------+-----------------+-------------------+------------+-------------+---------------+-------------+----------+----------------+----------+---------+
| Global Id | Driver Type/Pin | Driver Region (D) | Clock      | Period (ns) | Waveform (ns) | Slice Loads | IO Loads | Clocking Loads | GT Loads | Net     |
+-----------+-----------------+-------------------+------------+-------------+---------------+-------------+----------+----------------+----------+---------+
| g9        | BUFG/O          | n/a               | clk_fpga_0 |       8.000 | {0.000 4.000} |           0 |        0 |              1 |        0 | ps/O[0] |
+-----------+-----------------+-------------------+------------+-------------+---------------+-------------+----------+----------------+----------+---------+
* Slice Loads column represents load cell count of all cell types other than IO, GT and clock resources
** IO Loads column represents load cell count of IO types
*** Clocking Loads column represents load cell count that are clock resources (global clock buffer, MMCM, PLL, etc)
**** GT Loads column represents load cell count of GT types


+----+----+----+
|    | X0 | X1 |
+----+----+----+
| Y1 |  1 |  0 |
| Y0 |  0 |  0 |
+----+----+----+


16. Clock Region Cell Placement per Global Clock: Region X0Y0
-------------------------------------------------------------

+-----------+-------+-----------------+------------+-------------+-----------------+------+--------+------+-----+----+------+-----+---------+-----------------------------------------------+
| Global Id | Track | Driver Type/Pin | Constraint | Clock Loads | Non-Clock Loads | FF   | LUTRAM | RAMB | DSP | GT | MMCM | PLL | Hard IP | Net                                           |
+-----------+-------+-----------------+------------+-------------+-----------------+------+--------+------+-----+----+------+-----+---------+-----------------------------------------------+
| g0        | n/a   | BUFG/O          | None       |        2629 |               0 | 2617 |      0 |   10 |   2 |  0 |    0 |   0 |       0 | pll/inst/clk_adc                              |
| g1        | n/a   | BUFG/O          | None       |           8 |               0 |    8 |      0 |    0 |   0 |  0 |    0 |   0 |       0 | ps/system_i/processing_system7/inst/FCLK_CLK3 |
+-----------+-------+-----------------+------------+-------------+-----------------+------+--------+------+-----+----+------+-----+---------+-----------------------------------------------+
* Clock Loads column represents the clock pin loads (pin count)
** Non-Clock Loads column represents the non-clock pin loads (pin count)
*** Columns FF, LUTRAM, RAMB through 'Hard IP' represents load cell counts


17. Clock Region Cell Placement per Global Clock: Region X1Y0
-------------------------------------------------------------

+-----------+-------+-----------------+------------+-------------+-----------------+------+--------+------+-----+----+------+-----+---------+------------------------------------------+
| Global Id | Track | Driver Type/Pin | Constraint | Clock Loads | Non-Clock Loads | FF   | LUTRAM | RAMB | DSP | GT | MMCM | PLL | Hard IP | Net                                      |
+-----------+-------+-----------------+------------+-------------+-----------------+------+--------+------+-----+----+------+-----+---------+------------------------------------------+
| g0        | n/a   | BUFG/O          | None       |        1674 |               0 | 1642 |      4 |   20 |   8 |  0 |    0 |   0 |       0 | pll/inst/clk_adc                         |
| g2        | n/a   | BUFG/O          | None       |          28 |               0 |   28 |      0 |    0 |   0 |  0 |    0 |   0 |       0 | pll/inst/clk_dac_1x                      |
| g5        | n/a   | BUFGCTRL/O      | None       |           2 |               0 |    0 |      0 |    0 |   0 |  0 |    0 |   0 |       0 | adc_clk_o_src                            |
| g8        | n/a   | BUFG/O          | None       |           1 |               0 |    0 |      0 |    0 |   0 |  0 |    0 |   1 |       0 | pll/inst/clkfbout_buf_red_pitaya_pll_mod |
+-----------+-------+-----------------+------------+-------------+-----------------+------+--------+------+-----+----+------+-----+---------+------------------------------------------+
* Clock Loads column represents the clock pin loads (pin count)
** Non-Clock Loads column represents the non-clock pin loads (pin count)
*** Columns FF, LUTRAM, RAMB through 'Hard IP' represents load cell counts


18. Clock Region Cell Placement per Global Clock: Region X0Y1
-------------------------------------------------------------

+-----------+-------+-----------------+------------+-------------+-----------------+-----+--------+------+-----+----+------+-----+---------+-----------------------------------------------+
| Global Id | Track | Driver Type/Pin | Constraint | Clock Loads | Non-Clock Loads | FF  | LUTRAM | RAMB | DSP | GT | MMCM | PLL | Hard IP | Net                                           |
+-----------+-------+-----------------+------------+-------------+-----------------+-----+--------+------+-----+----+------+-----+---------+-----------------------------------------------+
| g0        | n/a   | BUFG/O          | None       |         264 |               0 | 255 |      0 |    8 |   0 |  0 |    0 |   0 |       0 | pll/inst/clk_adc                              |
| g1        | n/a   | BUFG/O          | None       |         757 |               0 | 703 |     52 |    0 |   0 |  0 |    0 |   0 |       0 | ps/system_i/processing_system7/inst/FCLK_CLK3 |
| g3        | n/a   | BUFH/O          | None       |          15 |               0 |  15 |      0 |    0 |   0 |  0 |    0 |   0 |       0 | int_clk_buf                                   |
| g9        | n/a   | BUFG/O          | None       |           1 |               0 |   0 |      0 |    0 |   0 |  0 |    0 |   0 |       0 | ps/O[0]                                       |
+-----------+-------+-----------------+------------+-------------+-----------------+-----+--------+------+-----+----+------+-----+---------+-----------------------------------------------+
* Clock Loads column represents the clock pin loads (pin count)
** Non-Clock Loads column represents the non-clock pin loads (pin count)
*** Columns FF, LUTRAM, RAMB through 'Hard IP' represents load cell counts


19. Clock Region Cell Placement per Global Clock: Region X1Y1
-------------------------------------------------------------

+-----------+-------+-----------------+------------+-------------+-----------------+-----+--------+------+-----+----+------+-----+---------+---------------------+
| Global Id | Track | Driver Type/Pin | Constraint | Clock Loads | Non-Clock Loads | FF  | LUTRAM | RAMB | DSP | GT | MMCM | PLL | Hard IP | Net                 |
+-----------+-------+-----------------+------------+-------------+-----------------+-----+--------+------+-----+----+------+-----+---------+---------------------+
| g0        | n/a   | BUFG/O          | None       |         212 |               0 | 192 |      0 |   20 |   0 |  0 |    0 |   0 |       0 | pll/inst/clk_adc    |
| g2        | n/a   | BUFG/O          | None       |          17 |               0 |   1 |      0 |    0 |   0 |  0 |    0 |   0 |       0 | pll/inst/clk_dac_1x |
| g4        | n/a   | BUFH/O          | None       |          11 |               0 |  10 |      0 |    0 |   0 |  0 |    0 |   0 |       0 | ext_clk_in          |
| g6        | n/a   | BUFG/O          | None       |           1 |               0 |   0 |      0 |    0 |   0 |  0 |    0 |   0 |       0 | pll/inst/clk_dac_2p |
| g7        | n/a   | BUFG/O          | None       |           1 |               0 |   0 |      0 |    0 |   0 |  0 |    0 |   0 |       0 | pll/inst/clk_dac_2x |
+-----------+-------+-----------------+------------+-------------+-----------------+-----+--------+------+-----+----+------+-----+---------+---------------------+
* Clock Loads column represents the clock pin loads (pin count)
** Non-Clock Loads column represents the non-clock pin loads (pin count)
*** Columns FF, LUTRAM, RAMB through 'Hard IP' represents load cell counts



# Location of BUFG Primitives 
set_property LOC BUFGCTRL_X0Y15 [get_cells ps/system_i/processing_system7/inst/buffer_fclk_clk_3.FCLK_CLK_3_BUFG]
set_property LOC BUFGCTRL_X0Y14 [get_cells ps/fclk_buf[0]]
set_property LOC BUFGCTRL_X0Y5 [get_cells pll/inst/clkf_buf]
set_property LOC BUFGCTRL_X0Y3 [get_cells pll/inst/clkout3_buf]
set_property LOC BUFGCTRL_X0Y7 [get_cells pll/inst/clkout4_buf]
set_property LOC BUFGCTRL_X0Y6 [get_cells pll/inst/clkout2_buf]
set_property LOC BUFGCTRL_X0Y4 [get_cells pll/inst/clkout1_buf]
set_property LOC BUFGCTRL_X0Y31 [get_cells adc_clk_out_mux]

# Location of BUFH Primitives 
set_property LOC BUFHCE_X0Y12 [get_cells bufh_intclk]
set_property LOC BUFHCE_X1Y16 [get_cells i_clk_ext]

# Location of IO Primitives which is load of clock spine

# Location of clock ports
set_property LOC IOB_X0Y25 [get_ports adc_clk_i[0]]
set_property LOC IOB_X0Y26 [get_ports adc_clk_i[1]]
set_property LOC IOB_X0Y74 [get_ports exp_p_io1]

# Clock net "ps/system_i/processing_system7/inst/FCLK_CLK3" driven by instance "ps/system_i/processing_system7/inst/buffer_fclk_clk_3.FCLK_CLK_3_BUFG" located at site "BUFGCTRL_X0Y15"
#startgroup
create_pblock {CLKAG_ps/system_i/processing_system7/inst/FCLK_CLK3}
add_cells_to_pblock [get_pblocks  {CLKAG_ps/system_i/processing_system7/inst/FCLK_CLK3}] [get_cells -filter { PRIMITIVE_GROUP != I/O && IS_PRIMITIVE==1 && PRIMITIVE_LEVEL !=INTERNAL } -of_object [get_pins -filter {DIRECTION==IN} -of_objects [get_nets -hierarchical -filter {PARENT=="ps/system_i/processing_system7/inst/FCLK_CLK3"}]]]
resize_pblock [get_pblocks {CLKAG_ps/system_i/processing_system7/inst/FCLK_CLK3}] -add {CLOCKREGION_X0Y0:CLOCKREGION_X0Y0 CLOCKREGION_X0Y1:CLOCKREGION_X0Y1}
#endgroup

# Clock net "pll/inst/clk_dac_2x" driven by instance "pll/inst/clkout3_buf" located at site "BUFGCTRL_X0Y3"
#startgroup
create_pblock {CLKAG_pll/inst/clk_dac_2x}
add_cells_to_pblock [get_pblocks  {CLKAG_pll/inst/clk_dac_2x}] [get_cells -filter { PRIMITIVE_GROUP != I/O && IS_PRIMITIVE==1 && PRIMITIVE_LEVEL !=INTERNAL } -of_object [get_pins -filter {DIRECTION==IN} -of_objects [get_nets -hierarchical -filter {PARENT=="pll/inst/clk_dac_2x"}]]]
resize_pblock [get_pblocks {CLKAG_pll/inst/clk_dac_2x}] -add {CLOCKREGION_X1Y1:CLOCKREGION_X1Y1}
#endgroup

# Clock net "pll/inst/clk_dac_2p" driven by instance "pll/inst/clkout4_buf" located at site "BUFGCTRL_X0Y7"
#startgroup
create_pblock {CLKAG_pll/inst/clk_dac_2p}
add_cells_to_pblock [get_pblocks  {CLKAG_pll/inst/clk_dac_2p}] [get_cells -filter { PRIMITIVE_GROUP != I/O && IS_PRIMITIVE==1 && PRIMITIVE_LEVEL !=INTERNAL } -of_object [get_pins -filter {DIRECTION==IN} -of_objects [get_nets -hierarchical -filter {PARENT=="pll/inst/clk_dac_2p"}]]]
resize_pblock [get_pblocks {CLKAG_pll/inst/clk_dac_2p}] -add {CLOCKREGION_X1Y1:CLOCKREGION_X1Y1}
#endgroup

# Clock net "pll/inst/clk_dac_1x" driven by instance "pll/inst/clkout2_buf" located at site "BUFGCTRL_X0Y6"
#startgroup
create_pblock {CLKAG_pll/inst/clk_dac_1x}
add_cells_to_pblock [get_pblocks  {CLKAG_pll/inst/clk_dac_1x}] [get_cells -filter { PRIMITIVE_GROUP != I/O && IS_PRIMITIVE==1 && PRIMITIVE_LEVEL !=INTERNAL } -of_object [get_pins -filter {DIRECTION==IN} -of_objects [get_nets -hierarchical -filter {PARENT=="pll/inst/clk_dac_1x"}]]]
resize_pblock [get_pblocks {CLKAG_pll/inst/clk_dac_1x}] -add {CLOCKREGION_X1Y0:CLOCKREGION_X1Y0 CLOCKREGION_X1Y1:CLOCKREGION_X1Y1}
#endgroup

# Clock net "pll/inst/clk_adc" driven by instance "pll/inst/clkout1_buf" located at site "BUFGCTRL_X0Y4"
#startgroup
create_pblock {CLKAG_pll/inst/clk_adc}
add_cells_to_pblock [get_pblocks  {CLKAG_pll/inst/clk_adc}] [get_cells -filter { PRIMITIVE_GROUP != I/O && IS_PRIMITIVE==1 && PRIMITIVE_LEVEL !=INTERNAL } -of_object [get_pins -filter {DIRECTION==IN} -of_objects [get_nets -hierarchical -filter {PARENT=="pll/inst/clk_adc"}]]]
resize_pblock [get_pblocks {CLKAG_pll/inst/clk_adc}] -add {CLOCKREGION_X0Y0:CLOCKREGION_X0Y0 CLOCKREGION_X0Y1:CLOCKREGION_X0Y1 CLOCKREGION_X1Y0:CLOCKREGION_X1Y0 CLOCKREGION_X1Y1:CLOCKREGION_X1Y1}
#endgroup

# Clock net "int_clk_buf" driven by instance "bufh_intclk" located at site "BUFHCE_X0Y12"
#startgroup
create_pblock {CLKAG_int_clk_buf}
add_cells_to_pblock [get_pblocks  {CLKAG_int_clk_buf}] [get_cells -filter { PRIMITIVE_GROUP != I/O && IS_PRIMITIVE==1 && PRIMITIVE_LEVEL !=INTERNAL && NAME!=adc_clk_out_mux} -of_object [get_pins -filter {DIRECTION==IN} -of_objects [get_nets -hierarchical -filter {PARENT=="int_clk_buf"}]]]
resize_pblock [get_pblocks {CLKAG_int_clk_buf}] -add {CLOCKREGION_X0Y1:CLOCKREGION_X0Y1}
#endgroup

# Clock net "ext_clk_in" driven by instance "i_clk_ext" located at site "BUFHCE_X1Y16"
#startgroup
create_pblock {CLKAG_ext_clk_in}
add_cells_to_pblock [get_pblocks  {CLKAG_ext_clk_in}] [get_cells -filter { PRIMITIVE_GROUP != I/O && IS_PRIMITIVE==1 && PRIMITIVE_LEVEL !=INTERNAL && NAME!=adc_clk_out_mux} -of_object [get_pins -filter {DIRECTION==IN} -of_objects [get_nets -hierarchical -filter {PARENT=="ext_clk_in"}]]]
resize_pblock [get_pblocks {CLKAG_ext_clk_in}] -add {CLOCKREGION_X1Y1:CLOCKREGION_X1Y1}
#endgroup

# Clock net "adc_clk_o_src" driven by instance "adc_clk_out_mux" located at site "BUFGCTRL_X0Y31"
#startgroup
create_pblock {CLKAG_adc_clk_o_src}
add_cells_to_pblock [get_pblocks  {CLKAG_adc_clk_o_src}] [get_cells -filter { PRIMITIVE_GROUP != I/O && IS_PRIMITIVE==1 && PRIMITIVE_LEVEL !=INTERNAL } -of_object [get_pins -filter {DIRECTION==IN} -of_objects [get_nets -hierarchical -filter {PARENT=="adc_clk_o_src"}]]]
resize_pblock [get_pblocks {CLKAG_adc_clk_o_src}] -add {CLOCKREGION_X1Y0:CLOCKREGION_X1Y0}
#endgroup
